<?xml version="1.0" encoding="UTF-8"?>
<testng-results skipped="0" failed="0" ignored="0" total="1" passed="1">
  <reporter-output>
  </reporter-output>
  <suite name="Default suite" duration-ms="14196" started-at="2020-12-12T15:58:28 IST" finished-at="2020-12-12T15:58:42 IST">
    <groups>
    </groups>
    <test name="Default test" duration-ms="14196" started-at="2020-12-12T15:58:28 IST" finished-at="2020-12-12T15:58:42 IST">
      <class name="com.mongo.base.webScrapping">
        <test-method status="PASS" signature="connectMongoDB()[pri:0, instance:com.mongo.base.webScrapping@4b1c1ea0]" name="connectMongoDB" is-config="true" duration-ms="539" started-at="2020-12-12T15:58:27 IST" finished-at="2020-12-12T15:58:28 IST">
          <reporter-output>
          </reporter-output>
        </test-method> <!-- connectMongoDB -->
        <test-method status="PASS" signature="setup()[pri:0, instance:com.mongo.base.webScrapping@4b1c1ea0]" name="setup" is-config="true" duration-ms="6423" started-at="2020-12-12T15:58:28 IST" finished-at="2020-12-12T15:58:34 IST">
          <reporter-output>
          </reporter-output>
        </test-method> <!-- setup -->
        <test-method status="PASS" signature="webScrapeTest(java.lang.String)[pri:0, instance:com.mongo.base.webScrapping@4b1c1ea0]" name="webScrapeTest" duration-ms="6965" started-at="2020-12-12T15:58:34 IST" data-provider="getWebData" finished-at="2020-12-12T15:58:41 IST">
          <params>
            <param index="0">
              <value>
                <![CDATA[https://demo.nopcommerce.com/]]>
              </value>
            </param>
          </params>
          <reporter-output>
          </reporter-output>
        </test-method> <!-- webScrapeTest -->
        <test-method status="PASS" signature="tearDown()[pri:0, instance:com.mongo.base.webScrapping@4b1c1ea0]" name="tearDown" is-config="true" duration-ms="661" started-at="2020-12-12T15:58:41 IST" finished-at="2020-12-12T15:58:42 IST">
          <reporter-output>
          </reporter-output>
        </test-method> <!-- tearDown -->
      </class> <!-- com.mongo.base.webScrapping -->
    </test> <!-- Default test -->
  </suite> <!-- Default suite -->
</testng-results>
